  Camera.cpp
  C:\Program Files (x86)\Windows Kits\10\Include\10.0.18362.0\um\dinput.h: DIRECTINPUT_VERSION undefined. Defaulting to version 0x0800
  Effect.cpp
  C:\Program Files (x86)\Windows Kits\10\Include\10.0.18362.0\um\dinput.h: DIRECTINPUT_VERSION undefined. Defaulting to version 0x0800
  FirstPersonCamera.cpp
  C:\Program Files (x86)\Windows Kits\10\Include\10.0.18362.0\um\dinput.h: DIRECTINPUT_VERSION undefined. Defaulting to version 0x0800
  FpsComponent.cpp
  C:\Program Files (x86)\Windows Kits\10\Include\10.0.18362.0\um\dinput.h: DIRECTINPUT_VERSION undefined. Defaulting to version 0x0800
  Game.cpp
  C:\Program Files (x86)\Windows Kits\10\Include\10.0.18362.0\um\dinput.h: DIRECTINPUT_VERSION undefined. Defaulting to version 0x0800
C:\Users\danny\Documents\GitHub\GGD3_CW_Repo\myGame\source\Library\Game.cpp(214,40): warning C4838: conversion from 'UINT' to 'LONG' requires a narrowing conversion
  Keyboard.cpp
  Mesh.cpp
C:\Users\danny\Documents\GitHub\GGD3_CW_Repo\myGame\source\Library\Game.cpp(214,54): warning C4838: conversion from 'UINT' to 'LONG' requires a narrowing conversion
C:\Users\danny\Documents\GitHub\GGD3_CW_Repo\myGame\source\Library\Game.cpp(214,54): warning C4838: C:\Program Files (x86)\Windows Kits\10\Include\10.0.18362.0\um\dinput.h: DIRECTINPUT_VERSION undefined. Defaulting to version 0x0800
C:\Users\danny\Documents\GitHub\GGD3_CW_Repo\myGame\source\Library\Game.cpp(214,54): warning C4838: C:\Program Files (x86)\Windows Kits\10\Include\10.0.18362.0\um\dinput.h: DIRECTINPUT_VERSION undefined. Defaulting to version 0x0800
C:\Users\danny\Documents\GitHub\GGD3_CW_Repo\external\assimp\include\assimp\quaternion.inl(207,15): warning C4244: '=': conversion from 'double' to 'TReal', possible loss of data
C:\Users\danny\Documents\GitHub\GGD3_CW_Repo\external\assimp\include\assimp\quaternion.inl(207,15): warning C4244:         with
C:\Users\danny\Documents\GitHub\GGD3_CW_Repo\external\assimp\include\assimp\quaternion.inl(207,15): warning C4244:         [
C:\Users\danny\Documents\GitHub\GGD3_CW_Repo\external\assimp\include\assimp\quaternion.inl(207,15): warning C4244:             TReal=float
C:\Users\danny\Documents\GitHub\GGD3_CW_Repo\external\assimp\include\assimp\quaternion.inl(207,15): warning C4244:         ]
C:\Users\danny\Documents\GitHub\GGD3_CW_Repo\external\assimp\include\assimp\quaternion.inl(186): message : while compiling class template member function 'void aiQuaterniont<float>::Interpolate(aiQuaterniont<float> &,const aiQuaterniont<float> &,const aiQuaterniont<float> &,TReal)'
C:\Users\danny\Documents\GitHub\GGD3_CW_Repo\external\assimp\include\assimp\quaternion.inl(186): message :         with
C:\Users\danny\Documents\GitHub\GGD3_CW_Repo\external\assimp\include\assimp\quaternion.inl(186): message :         [
C:\Users\danny\Documents\GitHub\GGD3_CW_Repo\external\assimp\include\assimp\quaternion.inl(186): message :             TReal=float
C:\Users\danny\Documents\GitHub\GGD3_CW_Repo\external\assimp\include\assimp\quaternion.inl(186): message :         ]
C:\Users\danny\Documents\GitHub\GGD3_CW_Repo\external\assimp\include\assimp\anim.h(435): message : see reference to function template instantiation 'void aiQuaterniont<float>::Interpolate(aiQuaterniont<float> &,const aiQuaterniont<float> &,const aiQuaterniont<float> &,TReal)' being compiled
C:\Users\danny\Documents\GitHub\GGD3_CW_Repo\external\assimp\include\assimp\anim.h(435): message :         with
C:\Users\danny\Documents\GitHub\GGD3_CW_Repo\external\assimp\include\assimp\anim.h(435): message :         [
C:\Users\danny\Documents\GitHub\GGD3_CW_Repo\external\assimp\include\assimp\anim.h(435): message :             TReal=float
C:\Users\danny\Documents\GitHub\GGD3_CW_Repo\external\assimp\include\assimp\anim.h(435): message :         ]
C:\Users\danny\Documents\GitHub\GGD3_CW_Repo\external\assimp\include\assimp\anim.h(107): message : see reference to class template instantiation 'aiQuaterniont<float>' being compiled
C:\Users\danny\Documents\GitHub\GGD3_CW_Repo\external\assimp\include\assimp\quaternion.inl(208,14): warning C4244: '=': conversion from 'double' to 'TReal', possible loss of data
C:\Users\danny\Documents\GitHub\GGD3_CW_Repo\external\assimp\include\assimp\quaternion.inl(208,14): warning C4244:         with
C:\Users\danny\Documents\GitHub\GGD3_CW_Repo\external\assimp\include\assimp\quaternion.inl(208,14): warning C4244:         [
C:\Users\danny\Documents\GitHub\GGD3_CW_Repo\external\assimp\include\assimp\quaternion.inl(208,14): warning C4244:             TReal=float
C:\Users\danny\Documents\GitHub\GGD3_CW_Repo\external\assimp\include\assimp\quaternion.inl(208,14): warning C4244:         ]
C:\Users\danny\Documents\GitHub\GGD3_CW_Repo\external\assimp\include\assimp\quaternion.inl(209,61): warning C4244: '=': conversion from 'double' to 'TReal', possible loss of data
C:\Users\danny\Documents\GitHub\GGD3_CW_Repo\external\assimp\include\assimp\quaternion.inl(209,61): warning C4244:         with
C:\Users\danny\Documents\GitHub\GGD3_CW_Repo\external\assimp\include\assimp\quaternion.inl(209,61): warning C4244:         [
C:\Users\danny\Documents\GitHub\GGD3_CW_Repo\external\assimp\include\assimp\quaternion.inl(209,61): warning C4244:             TReal=float
C:\Users\danny\Documents\GitHub\GGD3_CW_Repo\external\assimp\include\assimp\quaternion.inl(209,61): warning C4244:         ]
C:\Users\danny\Documents\GitHub\GGD3_CW_Repo\external\assimp\include\assimp\quaternion.inl(210,33): warning C4244: '=': conversion from 'double' to 'TReal', possible loss of data
C:\Users\danny\Documents\GitHub\GGD3_CW_Repo\external\assimp\include\assimp\quaternion.inl(210,33): warning C4244:         with
C:\Users\danny\Documents\GitHub\GGD3_CW_Repo\external\assimp\include\assimp\quaternion.inl(210,33): warning C4244:         [
C:\Users\danny\Documents\GitHub\GGD3_CW_Repo\external\assimp\include\assimp\quaternion.inl(210,33): warning C4244:             TReal=float
C:\Users\danny\Documents\GitHub\GGD3_CW_Repo\external\assimp\include\assimp\quaternion.inl(210,33): warning C4244:         ]
C:\Users\danny\Documents\GitHub\GGD3_CW_Repo\external\assimp\include\assimp\vector3.inl(93,13): warning C4244: 'return': conversion from 'double' to 'TReal', possible loss of data
C:\Users\danny\Documents\GitHub\GGD3_CW_Repo\external\assimp\include\assimp\vector3.inl(93,13): warning C4244:         with
C:\Users\danny\Documents\GitHub\GGD3_CW_Repo\external\assimp\include\assimp\vector3.inl(93,13): warning C4244:         [
C:\Users\danny\Documents\GitHub\GGD3_CW_Repo\external\assimp\include\assimp\vector3.inl(93,13): warning C4244:             TReal=float
C:\Users\danny\Documents\GitHub\GGD3_CW_Repo\external\assimp\include\assimp\vector3.inl(93,13): warning C4244:         ]
C:\Users\danny\Documents\GitHub\GGD3_CW_Repo\external\assimp\include\assimp\vector3.inl(92): message : while compiling class template member function 'TReal aiVector3t<TReal>::Length(void) const'
C:\Users\danny\Documents\GitHub\GGD3_CW_Repo\external\assimp\include\assimp\vector3.inl(92): message :         with
C:\Users\danny\Documents\GitHub\GGD3_CW_Repo\external\assimp\include\assimp\vector3.inl(92): message :         [
C:\Users\danny\Documents\GitHub\GGD3_CW_Repo\external\assimp\include\assimp\vector3.inl(92): message :             TReal=float
C:\Users\danny\Documents\GitHub\GGD3_CW_Repo\external\assimp\include\assimp\vector3.inl(92): message :         ]
C:\Users\danny\Documents\GitHub\GGD3_CW_Repo\external\assimp\include\assimp\vector3.inl(98): message : see reference to function template instantiation 'TReal aiVector3t<TReal>::Length(void) const' being compiled
C:\Users\danny\Documents\GitHub\GGD3_CW_Repo\external\assimp\include\assimp\vector3.inl(98): message :         with
C:\Users\danny\Documents\GitHub\GGD3_CW_Repo\external\assimp\include\assimp\vector3.inl(98): message :         [
C:\Users\danny\Documents\GitHub\GGD3_CW_Repo\external\assimp\include\assimp\vector3.inl(98): message :             TReal=float
C:\Users\danny\Documents\GitHub\GGD3_CW_Repo\external\assimp\include\assimp\vector3.inl(98): message :         ]
C:\Users\danny\Documents\GitHub\GGD3_CW_Repo\external\assimp\include\assimp\vector3.inl(142): message : while compiling class template member function 'bool aiVector3t<float>::operator ==(const aiVector3t<float> &) const'
C:\Users\danny\Documents\GitHub\GGD3_CW_Repo\external\assimp\include\assimp\anim.h(82): message : see reference to function template instantiation 'bool aiVector3t<float>::operator ==(const aiVector3t<float> &) const' being compiled
  Model.cpp
C:\Users\danny\Documents\GitHub\GGD3_CW_Repo\external\assimp\include\assimp\types.h(151): message : see reference to class template instantiation 'aiVector3t<float>' being compiled
C:\Users\danny\Documents\GitHub\GGD3_CW_Repo\external\assimp\include\assimp\types.h(151): message : C:\Program Files (x86)\Windows Kits\10\Include\10.0.18362.0\um\dinput.h: DIRECTINPUT_VERSION undefined. Defaulting to version 0x0800
C:\Users\danny\Documents\GitHub\GGD3_CW_Repo\external\assimp\include\assimp\quaternion.inl(207,15): warning C4244: '=': conversion from 'double' to 'TReal', possible loss of data
C:\Users\danny\Documents\GitHub\GGD3_CW_Repo\external\assimp\include\assimp\quaternion.inl(207,15): warning C4244:         with
C:\Users\danny\Documents\GitHub\GGD3_CW_Repo\external\assimp\include\assimp\quaternion.inl(207,15): warning C4244:         [
C:\Users\danny\Documents\GitHub\GGD3_CW_Repo\external\assimp\include\assimp\quaternion.inl(207,15): warning C4244:             TReal=float
C:\Users\danny\Documents\GitHub\GGD3_CW_Repo\external\assimp\include\assimp\quaternion.inl(207,15): warning C4244:         ]
C:\Users\danny\Documents\GitHub\GGD3_CW_Repo\external\assimp\include\assimp\quaternion.inl(186): message : while compiling class template member function 'void aiQuaterniont<float>::Interpolate(aiQuaterniont<float> &,const aiQuaterniont<float> &,const aiQuaterniont<float> &,TReal)'
C:\Users\danny\Documents\GitHub\GGD3_CW_Repo\external\assimp\include\assimp\quaternion.inl(186): message :         with
C:\Users\danny\Documents\GitHub\GGD3_CW_Repo\external\assimp\include\assimp\quaternion.inl(186): message :         [
C:\Users\danny\Documents\GitHub\GGD3_CW_Repo\external\assimp\include\assimp\quaternion.inl(186): message :             TReal=float
C:\Users\danny\Documents\GitHub\GGD3_CW_Repo\external\assimp\include\assimp\quaternion.inl(186): message :         ]
C:\Users\danny\Documents\GitHub\GGD3_CW_Repo\external\assimp\include\assimp\anim.h(435): message : see reference to function template instantiation 'void aiQuaterniont<float>::Interpolate(aiQuaterniont<float> &,const aiQuaterniont<float> &,const aiQuaterniont<float> &,TReal)' being compiled
C:\Users\danny\Documents\GitHub\GGD3_CW_Repo\external\assimp\include\assimp\anim.h(435): message :         with
C:\Users\danny\Documents\GitHub\GGD3_CW_Repo\external\assimp\include\assimp\anim.h(435): message :         [
C:\Users\danny\Documents\GitHub\GGD3_CW_Repo\external\assimp\include\assimp\anim.h(435): message :             TReal=float
C:\Users\danny\Documents\GitHub\GGD3_CW_Repo\external\assimp\include\assimp\anim.h(435): message :         ]
C:\Users\danny\Documents\GitHub\GGD3_CW_Repo\external\assimp\include\assimp\anim.h(107): message : see reference to class template instantiation 'aiQuaterniont<float>' being compiled
C:\Users\danny\Documents\GitHub\GGD3_CW_Repo\external\assimp\include\assimp\quaternion.inl(208,14): warning C4244: '=': conversion from 'double' to 'TReal', possible loss of data
C:\Users\danny\Documents\GitHub\GGD3_CW_Repo\external\assimp\include\assimp\quaternion.inl(208,14): warning C4244:         with
C:\Users\danny\Documents\GitHub\GGD3_CW_Repo\external\assimp\include\assimp\quaternion.inl(208,14): warning C4244:         [
C:\Users\danny\Documents\GitHub\GGD3_CW_Repo\external\assimp\include\assimp\quaternion.inl(208,14): warning C4244:             TReal=float
C:\Users\danny\Documents\GitHub\GGD3_CW_Repo\external\assimp\include\assimp\quaternion.inl(208,14): warning C4244:         ]
C:\Users\danny\Documents\GitHub\GGD3_CW_Repo\external\assimp\include\assimp\quaternion.inl(209,61): warning C4244: '=': conversion from 'double' to 'TReal', possible loss of data
C:\Users\danny\Documents\GitHub\GGD3_CW_Repo\external\assimp\include\assimp\quaternion.inl(209,61): warning C4244:         with
C:\Users\danny\Documents\GitHub\GGD3_CW_Repo\external\assimp\include\assimp\quaternion.inl(209,61): warning C4244:         [
C:\Users\danny\Documents\GitHub\GGD3_CW_Repo\external\assimp\include\assimp\quaternion.inl(209,61): warning C4244:             TReal=float
C:\Users\danny\Documents\GitHub\GGD3_CW_Repo\external\assimp\include\assimp\quaternion.inl(209,61): warning C4244:         ]
C:\Users\danny\Documents\GitHub\GGD3_CW_Repo\external\assimp\include\assimp\quaternion.inl(210,33): warning C4244: '=': conversion from 'double' to 'TReal', possible loss of data
C:\Users\danny\Documents\GitHub\GGD3_CW_Repo\external\assimp\include\assimp\quaternion.inl(210,33): warning C4244:         with
C:\Users\danny\Documents\GitHub\GGD3_CW_Repo\external\assimp\include\assimp\quaternion.inl(210,33): warning C4244:         [
C:\Users\danny\Documents\GitHub\GGD3_CW_Repo\external\assimp\include\assimp\quaternion.inl(210,33): warning C4244:             TReal=float
C:\Users\danny\Documents\GitHub\GGD3_CW_Repo\external\assimp\include\assimp\quaternion.inl(210,33): warning C4244:         ]
C:\Users\danny\Documents\GitHub\GGD3_CW_Repo\external\assimp\include\assimp\vector3.inl(93,13): warning C4244: 'return': conversion from 'double' to 'TReal', possible loss of data
C:\Users\danny\Documents\GitHub\GGD3_CW_Repo\external\assimp\include\assimp\vector3.inl(93,13): warning C4244:         with
C:\Users\danny\Documents\GitHub\GGD3_CW_Repo\external\assimp\include\assimp\vector3.inl(93,13): warning C4244:         [
C:\Users\danny\Documents\GitHub\GGD3_CW_Repo\external\assimp\include\assimp\vector3.inl(93,13): warning C4244:             TReal=float
C:\Users\danny\Documents\GitHub\GGD3_CW_Repo\external\assimp\include\assimp\vector3.inl(93,13): warning C4244:         ]
C:\Users\danny\Documents\GitHub\GGD3_CW_Repo\external\assimp\include\assimp\vector3.inl(92): message : while compiling class template member function 'TReal aiVector3t<TReal>::Length(void) const'
C:\Users\danny\Documents\GitHub\GGD3_CW_Repo\external\assimp\include\assimp\vector3.inl(92): message :         with
C:\Users\danny\Documents\GitHub\GGD3_CW_Repo\external\assimp\include\assimp\vector3.inl(92): message :         [
C:\Users\danny\Documents\GitHub\GGD3_CW_Repo\external\assimp\include\assimp\vector3.inl(92): message :             TReal=float
C:\Users\danny\Documents\GitHub\GGD3_CW_Repo\external\assimp\include\assimp\vector3.inl(92): message :         ]
C:\Users\danny\Documents\GitHub\GGD3_CW_Repo\external\assimp\include\assimp\vector3.inl(98): message : see reference to function template instantiation 'TReal aiVector3t<TReal>::Length(void) const' being compiled
C:\Users\danny\Documents\GitHub\GGD3_CW_Repo\external\assimp\include\assimp\vector3.inl(98): message :         with
C:\Users\danny\Documents\GitHub\GGD3_CW_Repo\external\assimp\include\assimp\vector3.inl(98): message :         [
C:\Users\danny\Documents\GitHub\GGD3_CW_Repo\external\assimp\include\assimp\vector3.inl(98): message :             TReal=float
C:\Users\danny\Documents\GitHub\GGD3_CW_Repo\external\assimp\include\assimp\vector3.inl(98): message :         ]
C:\Users\danny\Documents\GitHub\GGD3_CW_Repo\external\assimp\include\assimp\vector3.inl(142): message : while compiling class template member function 'bool aiVector3t<float>::operator ==(const aiVector3t<float> &) const'
C:\Users\danny\Documents\GitHub\GGD3_CW_Repo\external\assimp\include\assimp\anim.h(82): message : see reference to function template instantiation 'bool aiVector3t<float>::operator ==(const aiVector3t<float> &) const' being compiled
  Mouse.cpp
  Pass.cpp
  ProxyModel.cpp
  RenderStateHelper.cpp
  Technique.cpp
  Generating Code...
C:\Users\danny\Documents\GitHub\GGD3_CW_Repo\external\assimp\include\assimp\types.h(151): message : see reference to class template instantiation 'aiVector3t<float>' being compiled
C:\Users\danny\Documents\GitHub\GGD3_CW_Repo\external\assimp\include\assimp\types.h(151): message : C:\Program Files (x86)\Windows Kits\10\Include\10.0.18362.0\um\dinput.h: DIRECTINPUT_VERSION undefined. Defaulting to version 0x0800
C:\Users\danny\Documents\GitHub\GGD3_CW_Repo\external\assimp\include\assimp\types.h(151): message : C:\Program Files (x86)\Windows Kits\10\Include\10.0.18362.0\um\dinput.h: DIRECTINPUT_VERSION undefined. Defaulting to version 0x0800
C:\Users\danny\Documents\GitHub\GGD3_CW_Repo\external\assimp\include\assimp\types.h(151): message : C:\Program Files (x86)\Windows Kits\10\Include\10.0.18362.0\um\dinput.h: DIRECTINPUT_VERSION undefined. Defaulting to version 0x0800
C:\Users\danny\Documents\GitHub\GGD3_CW_Repo\external\assimp\include\assimp\types.h(151): message : C:\Program Files (x86)\Windows Kits\10\Include\10.0.18362.0\um\dinput.h: DIRECTINPUT_VERSION undefined. Defaulting to version 0x0800
C:\Users\danny\Documents\GitHub\GGD3_CW_Repo\external\assimp\include\assimp\types.h(151): message : C:\Program Files (x86)\Windows Kits\10\Include\10.0.18362.0\um\dinput.h: DIRECTINPUT_VERSION undefined. Defaulting to version 0x0800
  Library.vcxproj -> C:\Users\danny\Documents\GitHub\GGD3_CW_Repo\myGame\build\Debug\Libraryd.lib
  A subdirectory or file C:\Users\danny\Documents\GitHub\GGD3_CW_Repo\myGame\build\..\lib\ already exists.
          1 file(s) copied.
