c:\users\bryan\onedrive\desktop\ggd3_cw_repo\mygame\source\library\debug\library.pdb
c:\users\bryan\onedrive\desktop\ggd3_cw_repo\mygame\source\library\debug\library.idb
c:\users\bryan\onedrive\desktop\ggd3_cw_repo\mygame\source\library\debug\mouse.obj
c:\users\bryan\onedrive\desktop\ggd3_cw_repo\mygame\source\library\debug\modelmaterial.obj
c:\users\bryan\onedrive\desktop\ggd3_cw_repo\mygame\source\library\debug\model.obj
c:\users\bryan\onedrive\desktop\ggd3_cw_repo\mygame\source\library\debug\mesh.obj
c:\users\bryan\onedrive\desktop\ggd3_cw_repo\mygame\source\library\debug\matrixhelper.obj
c:\users\bryan\onedrive\desktop\ggd3_cw_repo\mygame\source\library\debug\material.obj
c:\users\bryan\onedrive\desktop\ggd3_cw_repo\mygame\source\library\debug\light.obj
c:\users\bryan\onedrive\desktop\ggd3_cw_repo\mygame\source\library\debug\keyboard.obj
c:\users\bryan\onedrive\desktop\ggd3_cw_repo\mygame\source\library\debug\gametime.obj
c:\users\bryan\onedrive\desktop\ggd3_cw_repo\mygame\source\library\debug\gameexception.obj
c:\users\bryan\onedrive\desktop\ggd3_cw_repo\mygame\source\library\debug\gamecomponent.obj
c:\users\bryan\onedrive\desktop\ggd3_cw_repo\mygame\source\library\debug\gameclock.obj
c:\users\bryan\onedrive\desktop\ggd3_cw_repo\mygame\source\library\debug\game.obj
c:\users\bryan\onedrive\desktop\ggd3_cw_repo\mygame\source\library\debug\fpscomponent.obj
c:\users\bryan\onedrive\desktop\ggd3_cw_repo\mygame\source\library\debug\firstpersoncamera.obj
c:\users\bryan\onedrive\desktop\ggd3_cw_repo\mygame\source\library\debug\effect.obj
c:\users\bryan\onedrive\desktop\ggd3_cw_repo\mygame\source\library\debug\drawablegamecomponent.obj
c:\users\bryan\onedrive\desktop\ggd3_cw_repo\mygame\source\library\debug\directionallight.obj
c:\users\bryan\onedrive\desktop\ggd3_cw_repo\mygame\source\library\debug\camera.obj
c:\users\bryan\onedrive\desktop\ggd3_cw_repo\mygame\source\library\debug\basicmaterial.obj
c:\users\bryan\onedrive\desktop\ggd3_cw_repo\mygame\source\library\debug\vectorhelper.obj
c:\users\bryan\onedrive\desktop\ggd3_cw_repo\mygame\source\library\debug\variable.obj
c:\users\bryan\onedrive\desktop\ggd3_cw_repo\mygame\source\library\debug\utility.obj
c:\users\bryan\onedrive\desktop\ggd3_cw_repo\mygame\source\library\debug\technique.obj
c:\users\bryan\onedrive\desktop\ggd3_cw_repo\mygame\source\library\debug\servicecontainer.obj
c:\users\bryan\onedrive\desktop\ggd3_cw_repo\mygame\source\library\debug\samplerstates.obj
c:\users\bryan\onedrive\desktop\ggd3_cw_repo\mygame\source\library\debug\renderstatehelper.obj
c:\users\bryan\onedrive\desktop\ggd3_cw_repo\mygame\source\library\debug\rasterizerstates.obj
c:\users\bryan\onedrive\desktop\ggd3_cw_repo\mygame\source\library\debug\proxymodel.obj
c:\users\bryan\onedrive\desktop\ggd3_cw_repo\mygame\source\library\debug\pass.obj
c:\users\bryan\onedrive\desktop\ggd3_cw_repo\mygame\build\debug\libraryd.lib
c:\users\bryan\onedrive\desktop\ggd3_cw_repo\mygame\source\library\debug\library.tlog\cl.command.1.tlog
c:\users\bryan\onedrive\desktop\ggd3_cw_repo\mygame\source\library\debug\library.tlog\cl.read.1.tlog
c:\users\bryan\onedrive\desktop\ggd3_cw_repo\mygame\source\library\debug\library.tlog\cl.write.1.tlog
c:\users\bryan\onedrive\desktop\ggd3_cw_repo\mygame\source\library\debug\library.tlog\lib-link.read.1.tlog
c:\users\bryan\onedrive\desktop\ggd3_cw_repo\mygame\source\library\debug\library.tlog\lib-link.write.1.tlog
c:\users\bryan\onedrive\desktop\ggd3_cw_repo\mygame\source\library\debug\library.tlog\lib.command.1.tlog
