c:\users\danny\documents\uni\final year\ggd3\6ccgd001wgamegroupproject\mygame\source\game\debug\vc142.pdb
c:\users\danny\documents\uni\final year\ggd3\6ccgd001wgamegroupproject\mygame\source\game\debug\vc142.idb
c:\users\danny\documents\uni\final year\ggd3\6ccgd001wgamegroupproject\mygame\source\game\debug\triangledemo.obj
c:\users\danny\documents\uni\final year\ggd3\6ccgd001wgamegroupproject\mygame\source\game\debug\renderinggame.obj
c:\users\danny\documents\uni\final year\ggd3\6ccgd001wgamegroupproject\mygame\source\game\debug\program.obj
c:\users\danny\documents\uni\final year\ggd3\6ccgd001wgamegroupproject\mygame\source\game\debug\objectdiffuselight.obj
c:\users\danny\documents\uni\final year\ggd3\6ccgd001wgamegroupproject\mygame\source\game\debug\modelfromfile.obj
c:\users\danny\documents\uni\final year\ggd3\6ccgd001wgamegroupproject\mygame\source\game\debug\diffuselightingmaterial.obj
c:\users\danny\documents\github\ggd3_cw_repo\mygame\source\game\debug\vc142.pdb
c:\users\danny\documents\github\ggd3_cw_repo\mygame\source\game\debug\vc142.idb
c:\users\danny\documents\github\ggd3_cw_repo\mygame\source\game\debug\triangledemo.obj
c:\users\danny\documents\github\ggd3_cw_repo\mygame\source\game\debug\renderinggame.obj
c:\users\danny\documents\github\ggd3_cw_repo\mygame\source\game\debug\program.obj
c:\users\danny\documents\github\ggd3_cw_repo\mygame\source\game\debug\objectdiffuselight.obj
c:\users\danny\documents\github\ggd3_cw_repo\mygame\source\game\debug\modelfromfile.obj
c:\users\danny\documents\github\ggd3_cw_repo\mygame\source\game\debug\diffuselightingmaterial.obj
c:\users\danny\documents\uni\final year\ggd3\6ccgd001wgamegroupproject\mygame\build\debug\content\effects\diffuselighting.cso
c:\users\danny\documents\github\ggd3_cw_repo\mygame\build\debug\content\effects\diffuselighting.cso
c:\users\danny\documents\uni\final year\ggd3\6ccgd001wgamegroupproject\mygame\build\debug\game.exe
c:\users\danny\documents\uni\final year\ggd3\6ccgd001wgamegroupproject\mygame\build\debug\game.ilk
c:\users\danny\documents\uni\final year\ggd3\6ccgd001wgamegroupproject\mygame\build\debug\game.pdb
c:\users\danny\documents\github\ggd3_cw_repo\mygame\build\debug\game.pdb
c:\users\danny\documents\github\ggd3_cw_repo\mygame\build\debug\game.exe
c:\users\danny\documents\github\ggd3_cw_repo\mygame\build\debug\game.ilk
c:\users\danny\documents\github\ggd3_cw_repo\mygame\source\game\debug\game.tlog\cl.command.1.tlog
c:\users\danny\documents\github\ggd3_cw_repo\mygame\source\game\debug\game.tlog\cl.read.1.tlog
c:\users\danny\documents\github\ggd3_cw_repo\mygame\source\game\debug\game.tlog\cl.write.1.tlog
c:\users\danny\documents\github\ggd3_cw_repo\mygame\source\game\debug\game.tlog\fxc.command.1.tlog
c:\users\danny\documents\github\ggd3_cw_repo\mygame\source\game\debug\game.tlog\fxc.read.1.tlog
c:\users\danny\documents\github\ggd3_cw_repo\mygame\source\game\debug\game.tlog\fxc.write.1.tlog
c:\users\danny\documents\github\ggd3_cw_repo\mygame\source\game\debug\game.tlog\link.command.1.tlog
c:\users\danny\documents\github\ggd3_cw_repo\mygame\source\game\debug\game.tlog\link.read.1.tlog
c:\users\danny\documents\github\ggd3_cw_repo\mygame\source\game\debug\game.tlog\link.write.1.tlog
